This is pdfTeX, Version 3.14159265-2.6-1.40.16 (MiKTeX 2.9) (preloaded format=pdflatex 2016.2.6)  12 SEP 2023 12:53
entering extended mode
**./fmi2023_Yehoshkin_Huk.tex
(fmi2023_Yehoshkin_Huk.tex
LaTeX2e <2015/10/01> patch level 2
Babel <3.9n> and hyphenation patterns for 69 languages loaded.
(E:\ProgramsForSystem\Texmaker\MiKTeX\tex\latex\base\article.cls
Document Class: article 2014/09/29 v1.4h Standard LaTeX document class
(E:\ProgramsForSystem\Texmaker\MiKTeX\tex\latex\base\size10.clo
File: size10.clo 2014/09/29 v1.4h Standard LaTeX file (size option)
)
\c@part=\count79
\c@section=\count80
\c@subsection=\count81
\c@subsubsection=\count82
\c@paragraph=\count83
\c@subparagraph=\count84
\c@figure=\count85
\c@table=\count86
\abovecaptionskip=\skip41
\belowcaptionskip=\skip42
\bibindent=\dimen102
)
(E:\ProgramsForSystem\Texmaker\MiKTeX\tex\latex\base\fontenc.sty
Package: fontenc 2005/09/27 v1.99g Standard LaTeX package

(E:\ProgramsForSystem\Texmaker\MiKTeX\tex\latex\cyrillic\t2aenc.def
File: t2aenc.def 2005/09/27 v1.0i Cyrillic encoding definition file
)
LaTeX Font Info:    Try loading font information for T2A+cmr on input line 105.


(E:\ProgramsForSystem\Texmaker\MiKTeX\tex\latex\cyrillic\t2acmr.fd
File: t2acmr.fd 2001/08/11 v1.0a Computer Modern Cyrillic font definitions
))
(E:\ProgramsForSystem\Texmaker\MiKTeX\tex\latex\base\inputenc.sty
Package: inputenc 2015/03/17 v1.2c Input encoding file
\inpenc@prehook=\toks14
\inpenc@posthook=\toks15

(E:\ProgramsForSystem\Texmaker\MiKTeX\tex\latex\cyrillic\cp1251.def
File: cp1251.def 2014/10/28 v1.0d Input encoding file
))
(E:\ProgramsForSystem\Texmaker\MiKTeX\tex\generic\babel\babel.sty
Package: babel 2016/01/08 3.9n The Babel package

*************************************
* Local config file bblopts.cfg used
*
(E:\ProgramsForSystem\Texmaker\MiKTeX\tex\latex\00miktex\bblopts.cfg
File: bblopts.cfg 2006/07/31 v1.0 MiKTeX 'babel' configuration
)
(E:\ProgramsForSystem\Texmaker\MiKTeX\tex\latex\babel-english\english.ldf
Language: english 2012/08/20 v3.3p English support from the babel system

(E:\ProgramsForSystem\Texmaker\MiKTeX\tex\generic\babel\babel.def
File: babel.def 2016/01/08 3.9n Babel common definitions
\babel@savecnt=\count87
\U@D=\dimen103
)
\l@canadian = a dialect from \language\l@american 
\l@australian = a dialect from \language\l@british 
\l@newzealand = a dialect from \language\l@british 
)
(E:\ProgramsForSystem\Texmaker\MiKTeX\tex\latex\babel-ukrainian\ukraineb.ldf
Language: ukraineb 2008/03/21 v1.1l Ukrainian support from the babel system
Package babel Info: Making " an active character on input line 189.
))
(E:\ProgramsForSystem\Texmaker\MiKTeX\tex\latex\amsmath\amsmath.sty
Package: amsmath 2013/01/14 v2.14 AMS math features
\@mathmargin=\skip43

For additional information on amsmath, use the `?' option.
(E:\ProgramsForSystem\Texmaker\MiKTeX\tex\latex\amsmath\amstext.sty
Package: amstext 2000/06/29 v2.01

(E:\ProgramsForSystem\Texmaker\MiKTeX\tex\latex\amsmath\amsgen.sty
File: amsgen.sty 1999/11/30 v2.0
\@emptytoks=\toks16
\ex@=\dimen104
))
(E:\ProgramsForSystem\Texmaker\MiKTeX\tex\latex\amsmath\amsbsy.sty
Package: amsbsy 1999/11/29 v1.2d
\pmbraise@=\dimen105
)
(E:\ProgramsForSystem\Texmaker\MiKTeX\tex\latex\amsmath\amsopn.sty
Package: amsopn 1999/12/14 v2.01 operator names
)
\inf@bad=\count88
LaTeX Info: Redefining \frac on input line 210.
\uproot@=\count89
\leftroot@=\count90
LaTeX Info: Redefining \overline on input line 306.
\classnum@=\count91
\DOTSCASE@=\count92
LaTeX Info: Redefining \ldots on input line 378.
LaTeX Info: Redefining \dots on input line 381.
LaTeX Info: Redefining \cdots on input line 466.
\Mathstrutbox@=\box26
\strutbox@=\box27
\big@size=\dimen106
LaTeX Font Info:    Redeclaring font encoding OML on input line 566.
LaTeX Font Info:    Redeclaring font encoding OMS on input line 567.
\macc@depth=\count93
\c@MaxMatrixCols=\count94
\dotsspace@=\muskip10
\c@parentequation=\count95
\dspbrk@lvl=\count96
\tag@help=\toks17
\row@=\count97
\column@=\count98
\maxfields@=\count99
\andhelp@=\toks18
\eqnshift@=\dimen107
\alignsep@=\dimen108
\tagshift@=\dimen109
\tagwidth@=\dimen110
\totwidth@=\dimen111
\lineht@=\dimen112
\@envbody=\toks19
\multlinegap=\skip44
\multlinetaggap=\skip45
\mathdisplay@stack=\toks20
LaTeX Info: Redefining \[ on input line 2665.
LaTeX Info: Redefining \] on input line 2666.
)
(E:\ProgramsForSystem\Texmaker\MiKTeX\tex\latex\amsfonts\amssymb.sty
Package: amssymb 2013/01/14 v3.01 AMS font symbols

(E:\ProgramsForSystem\Texmaker\MiKTeX\tex\latex\amsfonts\amsfonts.sty
Package: amsfonts 2013/01/14 v3.01 Basic AMSFonts support
\symAMSa=\mathgroup4
\symAMSb=\mathgroup5
LaTeX Font Info:    Overwriting math alphabet `\mathfrak' in version `bold'
(Font)                  U/euf/m/n --> U/euf/b/n on input line 106.
))
(E:\ProgramsForSystem\Texmaker\MiKTeX\tex\latex\base\latexsym.sty
Package: latexsym 1998/08/17 v2.2e Standard LaTeX package (lasy symbols)
\symlasy=\mathgroup6
LaTeX Font Info:    Overwriting symbol font `lasy' in version `bold'
(Font)                  U/lasy/m/n --> U/lasy/b/n on input line 52.
)
(E:\ProgramsForSystem\Texmaker\MiKTeX\tex\latex\tools\enumerate.sty
Package: enumerate 2015/07/23 v3.00 enumerate extensions (DPC)
\@enLab=\toks21
)
(fmi2023.sty (E:\ProgramsForSystem\Texmaker\MiKTeX\tex\latex\amscls\amsthm.sty
Package: amsthm 2015/03/04 v2.20.2
\thm@style=\toks22
\thm@bodyfont=\toks23
\thm@headfont=\toks24
\thm@notefont=\toks25
\thm@headpunct=\toks26
\thm@preskip=\skip46
\thm@postskip=\skip47
\thm@headsep=\skip48
\dth@everypar=\toks27
)
\c@theorem=\count100
\c@lemma=\count101
\c@state=\count102
\c@cor=\count103
\c@exa=\count104
) (fmi2023_Yehoshkin_Huk.aux)
\openout1 = `fmi2023_Yehoshkin_Huk.aux'.

LaTeX Font Info:    Checking defaults for OML/cmm/m/it on input line 9.
LaTeX Font Info:    ... okay on input line 9.
LaTeX Font Info:    Checking defaults for T1/cmr/m/n on input line 9.
LaTeX Font Info:    ... okay on input line 9.
LaTeX Font Info:    Checking defaults for OT1/cmr/m/n on input line 9.
LaTeX Font Info:    ... okay on input line 9.
LaTeX Font Info:    Checking defaults for OMS/cmsy/m/n on input line 9.
LaTeX Font Info:    ... okay on input line 9.
LaTeX Font Info:    Checking defaults for OMX/cmex/m/n on input line 9.
LaTeX Font Info:    ... okay on input line 9.
LaTeX Font Info:    Checking defaults for U/cmr/m/n on input line 9.
LaTeX Font Info:    ... okay on input line 9.
LaTeX Font Info:    Checking defaults for T2A/cmr/m/n on input line 9.
LaTeX Font Info:    ... okay on input line 9.
LaTeX Font Info:    Try loading font information for T2A+cmtt on input line 15.


(E:\ProgramsForSystem\Texmaker\MiKTeX\tex\latex\cyrillic\t2acmtt.fd
File: t2acmtt.fd 2001/08/11 v1.0a Computer Modern Cyrillic font definitions
)
LaTeX Font Info:    Try loading font information for U+msa on input line 28.

(E:\ProgramsForSystem\Texmaker\MiKTeX\tex\latex\amsfonts\umsa.fd
File: umsa.fd 2013/01/14 v3.01 AMS symbols A
)
LaTeX Font Info:    Try loading font information for U+msb on input line 28.

(E:\ProgramsForSystem\Texmaker\MiKTeX\tex\latex\amsfonts\umsb.fd
File: umsb.fd 2013/01/14 v3.01 AMS symbols B
)
LaTeX Font Info:    Try loading font information for U+lasy on input line 28.

(E:\ProgramsForSystem\Texmaker\MiKTeX\tex\latex\base\ulasy.fd
File: ulasy.fd 1998/08/17 v2.2e LaTeX symbol font definitions
) [1

{E:/ProgramsForSystem/Texmaker/MiKTeX/pdftex/config/pdftex.map}]
Underfull \hbox (badness 1221) in paragraph at lines 62--63
\T2A/cmr/m/n/9 and envi-ronmental vari-abi-li-ty wi-thin a communi-ty of Antarc
tic pengui-
 []


Underfull \hbox (badness 1769) in paragraph at lines 62--63
\T2A/cmr/m/n/9 ns (genus Pygoscelis), PLoS ONE 9(3):e90081, --2014. -- P. 1-14.
 doi:
 []

[2] (fmi2023_Yehoshkin_Huk.aux) ) 
Here is how much of TeX's memory you used:
 2280 strings out of 493634
 27396 string characters out of 3140141
 84671 words of memory out of 3000000
 5651 multiletter control sequences out of 15000+200000
 9258 words of font info for 30 fonts, out of 3000000 for 9000
 1025 hyphenation exceptions out of 8191
 27i,6n,26p,953b,133s stack positions out of 5000i,500n,10000p,200000b,50000s
 <E:\ProgramsForSystem\Texmaker\MiKTeX\fonts\p
k\ljfour\lh\lh-t2a\dpi600\larm0900.pk> <E:\ProgramsForSystem\Texmaker\MiKTeX\fo
nts\pk\ljfour\lh\lh-t2a\dpi600\larm1000.pk> <E:\ProgramsForSystem\Texmaker\MiKT
eX\fonts\pk\ljfour\lh\lh-t2a\dpi600\latt1000.pk> <E:\ProgramsForSystem\Texmaker
\MiKTeX\fonts\pk\ljfour\lh\lh-t2a\dpi600\lati1000.pk> <E:\ProgramsForSystem\Tex
maker\MiKTeX\fonts\pk\ljfour\lh\lh-t2a\dpi600\labx1000.pk><E:/ProgramsForSystem
/Texmaker/MiKTeX/fonts/type1/public/amsfonts/cm/cmmi10.pfb><E:/ProgramsForSyste
m/Texmaker/MiKTeX/fonts/type1/public/amsfonts/cm/cmmi5.pfb><E:/ProgramsForSyste
m/Texmaker/MiKTeX/fonts/type1/public/amsfonts/cm/cmmi7.pfb><E:/ProgramsForSyste
m/Texmaker/MiKTeX/fonts/type1/public/amsfonts/cm/cmr10.pfb><E:/ProgramsForSyste
m/Texmaker/MiKTeX/fonts/type1/public/amsfonts/cm/cmsy10.pfb>
Output written on fmi2023_Yehoshkin_Huk.pdf (2 pages, 141990 bytes).
PDF statistics:
 319 PDF objects out of 1000 (max. 8388607)
 0 named destinations out of 1000 (max. 500000)
 1 words of extra memory for PDF output out of 10000 (max. 10000000)

